2022-08-26 14:20:52.767  INFO 85814 --- [main] b.t.b.SpringFrameworkPracticeApplication : Starting SpringFrameworkPracticeApplication using Java 1.8.0_333 on m-r2f42ygw3h with PID 85814 (/Users/m0a07xh/Manju/spring-framework-practice/target/classes started by m0a07xh in /Users/m0a07xh/Manju/spring-framework-practice)
2022-08-26 14:20:52.774  INFO 85814 --- [main] b.t.b.SpringFrameworkPracticeApplication : The following 1 profile is active: "dev"
2022-08-26 14:20:54.351  INFO 85814 --- [main] o.s.b.w.embedded.tomcat.TomcatWebServer  : Tomcat initialized with port(s): 8080 (http)
2022-08-26 14:20:54.368  INFO 85814 --- [main] o.apache.catalina.core.StandardService   : Starting service [Tomcat]
2022-08-26 14:20:54.368  INFO 85814 --- [main] org.apache.catalina.core.StandardEngine  : Starting Servlet engine: [Apache Tomcat/9.0.64]
2022-08-26 14:20:54.579  INFO 85814 --- [main] o.a.c.c.C.[Tomcat].[localhost].[/]       : Initializing Spring embedded WebApplicationContext
2022-08-26 14:20:54.579  INFO 85814 --- [main] w.s.c.ServletWebServerApplicationContext : Root WebApplicationContext: initialization completed in 1646 ms
2022-08-26 14:20:55.290  INFO 85814 --- [main] o.s.b.w.embedded.tomcat.TomcatWebServer  : Tomcat started on port(s): 8080 (http) with context path ''
2022-08-26 14:20:55.311  INFO 85814 --- [main] b.t.b.SpringFrameworkPracticeApplication : Started SpringFrameworkPracticeApplication in 3.144 seconds (JVM running for 3.74)
2022-08-26 14:24:40.514  INFO 86443 --- [main] s.f.p.SpringFrameworkPracticeApplication : Starting SpringFrameworkPracticeApplication using Java 1.8.0_333 on m-r2f42ygw3h with PID 86443 (/Users/m0a07xh/Manju/spring-framework-practice/target/classes started by m0a07xh in /Users/m0a07xh/Manju/spring-framework-practice)
2022-08-26 14:24:40.518  INFO 86443 --- [main] s.f.p.SpringFrameworkPracticeApplication : The following 1 profile is active: "dev"
2022-08-26 14:24:42.004  INFO 86443 --- [main] o.s.b.w.embedded.tomcat.TomcatWebServer  : Tomcat initialized with port(s): 8080 (http)
2022-08-26 14:24:42.022  INFO 86443 --- [main] o.apache.catalina.core.StandardService   : Starting service [Tomcat]
2022-08-26 14:24:42.022  INFO 86443 --- [main] org.apache.catalina.core.StandardEngine  : Starting Servlet engine: [Apache Tomcat/9.0.64]
2022-08-26 14:24:42.247  INFO 86443 --- [main] o.a.c.c.C.[Tomcat].[localhost].[/]       : Initializing Spring embedded WebApplicationContext
2022-08-26 14:24:42.247  INFO 86443 --- [main] w.s.c.ServletWebServerApplicationContext : Root WebApplicationContext: initialization completed in 1585 ms
2022-08-26 14:24:42.919  INFO 86443 --- [main] o.s.b.w.embedded.tomcat.TomcatWebServer  : Tomcat started on port(s): 8080 (http) with context path ''
2022-08-26 14:24:42.934  INFO 86443 --- [main] s.f.p.SpringFrameworkPracticeApplication : Started SpringFrameworkPracticeApplication in 3.06 seconds (JVM running for 3.714)
2022-08-26 14:24:43.239  WARN 86443 --- [main] o.s.c.s.ClassPathXmlApplicationContext   : Exception encountered during context initialization - cancelling refresh attempt: org.springframework.beans.factory.CannotLoadBeanClassException: Cannot find class [org.bluewall.technology.bluewalltechnologyservice.model.Sample] for bean with name 'sampleObj' defined in class path resource [Beans.xml]; nested exception is java.lang.ClassNotFoundException: org.bluewall.technology.bluewalltechnologyservice.model.Sample
2022-08-26 14:25:24.268  INFO 86555 --- [main] s.f.p.SpringFrameworkPracticeApplication : Starting SpringFrameworkPracticeApplication using Java 1.8.0_333 on m-r2f42ygw3h with PID 86555 (/Users/m0a07xh/Manju/spring-framework-practice/target/classes started by m0a07xh in /Users/m0a07xh/Manju/spring-framework-practice)
2022-08-26 14:25:24.271  INFO 86555 --- [main] s.f.p.SpringFrameworkPracticeApplication : The following 1 profile is active: "dev"
2022-08-26 14:25:25.917  INFO 86555 --- [main] o.s.b.w.embedded.tomcat.TomcatWebServer  : Tomcat initialized with port(s): 8080 (http)
2022-08-26 14:25:25.937  INFO 86555 --- [main] o.apache.catalina.core.StandardService   : Starting service [Tomcat]
2022-08-26 14:25:25.938  INFO 86555 --- [main] org.apache.catalina.core.StandardEngine  : Starting Servlet engine: [Apache Tomcat/9.0.64]
2022-08-26 14:25:26.175  INFO 86555 --- [main] o.a.c.c.C.[Tomcat].[localhost].[/]       : Initializing Spring embedded WebApplicationContext
2022-08-26 14:25:26.176  INFO 86555 --- [main] w.s.c.ServletWebServerApplicationContext : Root WebApplicationContext: initialization completed in 1752 ms
2022-08-26 14:25:26.890  INFO 86555 --- [main] o.s.b.w.embedded.tomcat.TomcatWebServer  : Tomcat started on port(s): 8080 (http) with context path ''
2022-08-26 14:25:26.907  INFO 86555 --- [main] s.f.p.SpringFrameworkPracticeApplication : Started SpringFrameworkPracticeApplication in 3.321 seconds (JVM running for 3.879)
2022-08-26 14:25:27.201  WARN 86555 --- [main] o.s.c.s.ClassPathXmlApplicationContext   : Exception encountered during context initialization - cancelling refresh attempt: org.springframework.beans.factory.CannotLoadBeanClassException: Cannot find class [org.bluewall.technology.bluewalltechnologyservice.model.Sample] for bean with name 'sampleObj' defined in class path resource [Beans.xml]; nested exception is java.lang.ClassNotFoundException: org.bluewall.technology.bluewalltechnologyservice.model.Sample
2022-08-26 14:26:35.578  INFO 86733 --- [main] s.f.p.SpringFrameworkPracticeApplication : Starting SpringFrameworkPracticeApplication using Java 1.8.0_333 on m-r2f42ygw3h with PID 86733 (/Users/m0a07xh/Manju/spring-framework-practice/target/classes started by m0a07xh in /Users/m0a07xh/Manju/spring-framework-practice)
2022-08-26 14:26:35.581  INFO 86733 --- [main] s.f.p.SpringFrameworkPracticeApplication : The following 1 profile is active: "dev"
2022-08-26 14:26:37.113  INFO 86733 --- [main] o.s.b.w.embedded.tomcat.TomcatWebServer  : Tomcat initialized with port(s): 8080 (http)
2022-08-26 14:26:37.125  INFO 86733 --- [main] o.apache.catalina.core.StandardService   : Starting service [Tomcat]
2022-08-26 14:26:37.126  INFO 86733 --- [main] org.apache.catalina.core.StandardEngine  : Starting Servlet engine: [Apache Tomcat/9.0.64]
2022-08-26 14:26:37.312  INFO 86733 --- [main] o.a.c.c.C.[Tomcat].[localhost].[/]       : Initializing Spring embedded WebApplicationContext
2022-08-26 14:26:37.312  INFO 86733 --- [main] w.s.c.ServletWebServerApplicationContext : Root WebApplicationContext: initialization completed in 1616 ms
2022-08-26 14:26:38.012  INFO 86733 --- [main] o.s.b.w.embedded.tomcat.TomcatWebServer  : Tomcat started on port(s): 8080 (http) with context path ''
2022-08-26 14:26:38.031  INFO 86733 --- [main] s.f.p.SpringFrameworkPracticeApplication : Started SpringFrameworkPracticeApplication in 3.038 seconds (JVM running for 3.611)
